<?xml version="1.0" encoding="UTF-8"?>
<!-- Generated by org.testng.reporters.JUnitXMLReporter -->
<testsuite hostname="Swanand" ignored="0" name="PageObject" tests="3" failures="0" timestamp="08 Nov 2020 05:38:40 GMT" time="74.24" errors="0">
  <testcase name="basePageNavigation" time="5.694" classname="resources.HomePage"/>
  <testcase name="titleofPage" time="6.25" classname="resources.ValidateTitle"/>
  <testcase name="Catalogue" time="6.777" classname="resources.CatalogueTab"/>
</testsuite> <!-- PageObject -->
