<?xml version="1.0" encoding="UTF-8"?>
<testsuite xmlns:xsi="http://www.w3.org/2001/XMLSchema-instance" xsi:noNamespaceSchemaLocation="https://maven.apache.org/surefire/maven-surefire-plugin/xsd/surefire-test-report.xsd" name="TestSuite" time="77.38" tests="3" errors="0" skipped="0" failures="0">
  <properties>
[...]
</properties>
  <testcase name="basePageNavigation" classname="resources.HomePage" time="5.7"/>
  <testcase name="titleofPage" classname="resources.ValidateTitle" time="6.245"/>
  <testcase name="Catalogue" classname="resources.CatalogueTab" time="6.776"/>
</testsuite>