<?xml version="1.0" encoding="UTF-8"?>
<testng-results skipped="0" failed="0" ignored="0" total="3" passed="3">
  <reporter-output>
  </reporter-output>
  <suite name="PO2020" duration-ms="74240" started-at="2020-11-08T05:37:25Z" finished-at="2020-11-08T05:38:39Z">
    <groups>
    </groups>
    <test name="PageObject" duration-ms="74240" started-at="2020-11-08T05:37:25Z" finished-at="2020-11-08T05:38:39Z">
      <class name="resources.CatalogueTab">
        <test-method status="PASS" signature="initialise()[pri:0, instance:resources.CatalogueTab@6b1274d2]" name="initialise" is-config="true" duration-ms="18947" started-at="2020-11-08T05:37:25Z" finished-at="2020-11-08T05:37:44Z">
          <reporter-output>
          </reporter-output>
        </test-method> <!-- initialise -->
        <test-method status="PASS" signature="initialise()[pri:0, instance:resources.HomePage@551bdc27]" name="initialise" is-config="true" duration-ms="17888" started-at="2020-11-08T05:37:44Z" finished-at="2020-11-08T05:38:02Z">
          <reporter-output>
          </reporter-output>
        </test-method> <!-- initialise -->
        <test-method status="PASS" signature="initialise()[pri:0, instance:resources.ValidateTitle@58fdd99]" name="initialise" is-config="true" duration-ms="17663" started-at="2020-11-08T05:38:02Z" finished-at="2020-11-08T05:38:20Z">
          <reporter-output>
          </reporter-output>
        </test-method> <!-- initialise -->
        <test-method status="PASS" signature="Catalogue(java.lang.String, java.lang.String)[pri:0, instance:resources.CatalogueTab@6b1274d2]" name="Catalogue" duration-ms="6777" started-at="2020-11-08T05:38:32Z" data-provider="data" finished-at="2020-11-08T05:38:39Z">
          <params>
            <param index="0">
              <value>
                <![CDATA[vimalsgurav@gmail.com]]>
              </value>
            </param>
            <param index="1">
              <value>
                <![CDATA[swan123]]>
              </value>
            </param>
          </params>
          <reporter-output>
          </reporter-output>
        </test-method> <!-- Catalogue -->
        <test-method status="PASS" signature="teardown()[pri:0, instance:resources.CatalogueTab@6b1274d2]" name="teardown" is-config="true" duration-ms="478" started-at="2020-11-08T05:38:39Z" finished-at="2020-11-08T05:38:39Z">
          <reporter-output>
          </reporter-output>
        </test-method> <!-- teardown -->
        <test-method status="PASS" signature="teardown()[pri:0, instance:resources.HomePage@551bdc27]" name="teardown" is-config="true" duration-ms="106" started-at="2020-11-08T05:38:39Z" finished-at="2020-11-08T05:38:39Z">
          <reporter-output>
          </reporter-output>
        </test-method> <!-- teardown -->
        <test-method status="PASS" signature="teardown()[pri:0, instance:resources.ValidateTitle@58fdd99]" name="teardown" is-config="true" duration-ms="188" started-at="2020-11-08T05:38:39Z" finished-at="2020-11-08T05:38:39Z">
          <reporter-output>
          </reporter-output>
        </test-method> <!-- teardown -->
      </class> <!-- resources.CatalogueTab -->
      <class name="resources.HomePage">
        <test-method status="PASS" signature="basePageNavigation(java.lang.String, java.lang.String)[pri:0, instance:resources.HomePage@551bdc27]" name="basePageNavigation" duration-ms="5694" started-at="2020-11-08T05:38:20Z" data-provider="data" finished-at="2020-11-08T05:38:26Z">
          <params>
            <param index="0">
              <value>
                <![CDATA[vimalsgurav@gmail.com]]>
              </value>
            </param>
            <param index="1">
              <value>
                <![CDATA[swan123]]>
              </value>
            </param>
          </params>
          <reporter-output>
          </reporter-output>
        </test-method> <!-- basePageNavigation -->
      </class> <!-- resources.HomePage -->
      <class name="resources.ValidateTitle">
        <test-method status="PASS" signature="titleofPage(java.lang.String, java.lang.String)[pri:0, instance:resources.ValidateTitle@58fdd99]" name="titleofPage" duration-ms="6250" started-at="2020-11-08T05:38:26Z" data-provider="data" finished-at="2020-11-08T05:38:32Z">
          <params>
            <param index="0">
              <value>
                <![CDATA[vimalsgurav@gmail.com]]>
              </value>
            </param>
            <param index="1">
              <value>
                <![CDATA[swan123]]>
              </value>
            </param>
          </params>
          <reporter-output>
          </reporter-output>
        </test-method> <!-- titleofPage -->
      </class> <!-- resources.ValidateTitle -->
    </test> <!-- PageObject -->
  </suite> <!-- PO2020 -->
</testng-results>
